REPOSITORY                TAG                 IMAGE ID            CREATED             SIZE
projetiot_stripe          latest              49ddd0a6a2ca        35 minutes ago      218MB
stripepython              latest              dabcb7c497d4        About an hour ago   218MB
<none>                    <none>              53bce498d280        About an hour ago   194MB
<none>                    <none>              3325ce72d802        About an hour ago   194MB
<none>                    <none>              5a6254586903        4 hours ago         267MB
<none>                    <none>              8b5002370bca        4 hours ago         267MB
<none>                    <none>              12ec9b21b82f        4 hours ago         138MB
<none>                    <none>              c6bdd58621ea        4 hours ago         118MB
<none>                    <none>              bcd303ed7907        4 hours ago         118MB
<none>                    <none>              a2202383f15f        4 hours ago         118MB
<none>                    <none>              df4de4521826        4 hours ago         118MB
projetiot_ical-manager    latest              875613fbcde5        7 hours ago         492MB
projetiot_db              latest              da66afb3635f        7 hours ago         230MB
mysql-calendar            latest              6de0cd48f3d1        7 hours ago         231MB
python                    work                25c9406e567e        2 days ago          329MB
rasp                      1.0                 831ad538fac9        2 days ago          161MB
ical_manager              1.0                 11a6aff9f910        3 days ago          484MB
resin/rpi-raspbian        latest              f510137f47d9        3 days ago          118MB
hypriot/rpi-node          latest              be2c2ac1c612        2 weeks ago         484MB
portainer/portainer       latest              0808f2dc80e1        2 weeks ago         9.1MB
nginx                     stable              0346349a1a64        3 weeks ago         182MB
python                    3.5.3-onbuild       70dd9094f1bf        4 weeks ago         689MB
python                    3.5.3               3d5e4e52fcfe        4 weeks ago         689MB
hypriot/rpi-mysql         latest              70b9e84ea1ab        2 months ago        201MB
hypriot/rpi-python        latest              cf1182ca3e0f        16 months ago       194MB
bearonis/rpi-python-gcc   latest              6ac34eab220c        20 months ago       167MB
lalyos/rpi-nginx          latest              682227fe8af3        2 years ago         325MB
